   1               		.file	"pit.c"
   2               	__SP_H__ = 0x3e
   3               	__SP_L__ = 0x3d
   4               	__SREG__ = 0x3f
   5               	__tmp_reg__ = 0
   6               	__zero_reg__ = 1
   7               		.text
   8               	.Ltext0:
   9               		.cfi_sections	.debug_frame
  10               		.section	.rodata
  11               	.LC0:
  12 0000 FC        		.byte	-4
  13 0001 84        		.byte	-124
  14 0002 84        		.byte	-124
  15 0003 84        		.byte	-124
  16 0004 84        		.byte	-124
  17 0005 FC        		.byte	-4
  18               		.section	.text.start_pit,"ax",@progbits
  19               	.global	start_pit
  21               	start_pit:
  22               	.LFB1:
  23               		.file 1 "pit.c"
   1:pit.c         **** /*
   2:pit.c         ****  * pit.c
   3:pit.c         ****  *
   4:pit.c         ****  *  Created on: 15 May 2015
   5:pit.c         ****  *      Author: Jai Spicer
   6:pit.c         ****  */
   7:pit.c         **** 
   8:pit.c         **** #include "sprite.h"
   9:pit.c         **** #include "graphics.h"
  10:pit.c         **** #include "friendly_ports.h"
  11:pit.c         **** 
  12:pit.c         **** #include "pit.h"
  13:pit.c         **** 
  14:pit.c         **** void start_pit() {
  24               		.loc 1 14 0
  25               		.cfi_startproc
  26 0000 EF92      		push r14
  27               	.LCFI0:
  28               		.cfi_def_cfa_offset 3
  29               		.cfi_offset 14, -2
  30 0002 FF92      		push r15
  31               	.LCFI1:
  32               		.cfi_def_cfa_offset 4
  33               		.cfi_offset 15, -3
  34 0004 0F93      		push r16
  35               	.LCFI2:
  36               		.cfi_def_cfa_offset 5
  37               		.cfi_offset 16, -4
  38 0006 CF93      		push r28
  39               	.LCFI3:
  40               		.cfi_def_cfa_offset 6
  41               		.cfi_offset 28, -5
  42 0008 DF93      		push r29
  43               	.LCFI4:
  44               		.cfi_def_cfa_offset 7
  45               		.cfi_offset 29, -6
  46 000a CDB7      		in r28,__SP_L__
  47 000c DEB7      		in r29,__SP_H__
  48               	.LCFI5:
  49               		.cfi_def_cfa_register 28
  50 000e 6B97      		sbiw r28,27
  51               	.LCFI6:
  52               		.cfi_def_cfa_offset 34
  53 0010 0FB6      		in __tmp_reg__,__SREG__
  54 0012 F894      		cli
  55 0014 DEBF      		out __SP_H__,r29
  56 0016 0FBE      		out __SREG__,__tmp_reg__
  57 0018 CDBF      		out __SP_L__,r28
  58               	/* prologue: function */
  59               	/* frame size = 27 */
  60               	/* stack size = 32 */
  61               	.L__stack_usage = 32
  15:pit.c         **** 	byte bitmap_pit[] = {
  62               		.loc 1 15 0
  63 001a 86E0      		ldi r24,lo8(6)
  64 001c E0E0      		ldi r30,lo8(.LC0)
  65 001e F0E0      		ldi r31,hi8(.LC0)
  66 0020 DE01      		movw r26,r28
  67 0022 5696      		adiw r26,22
  68               		0:
  69 0024 0190      		ld r0,Z+
  70 0026 0D92      		st X+,r0
  71 0028 8A95      		dec r24
  72 002a 01F4      		brne 0b
  73               	.LVL0:
  16:pit.c         **** 			BYTE( 11111100 ),
  17:pit.c         **** 			BYTE( 10000100 ),
  18:pit.c         **** 			BYTE( 10000100 ),
  19:pit.c         **** 			BYTE( 10000100 ),
  20:pit.c         **** 			BYTE( 10000100 ),
  21:pit.c         **** 			BYTE( 11111100 ),
  22:pit.c         **** 	};
  23:pit.c         **** 
  24:pit.c         **** 	const int pit_width = 6; // Maybe 4
  25:pit.c         **** 	const int pit_height = 6;
  26:pit.c         **** 
  27:pit.c         **** 	Sprite pit;
  28:pit.c         **** 
  29:pit.c         **** 	init_sprite( &pit, 20,28,pit_width,pit_height, bitmap_pit );
  74               		.loc 1 29 0
  75 002c 86E1      		ldi r24,lo8(22)
  76 002e E82E      		mov r14,r24
  77 0030 F12C      		mov r15,__zero_reg__
  78 0032 EC0E      		add r14,r28
  79 0034 FD1E      		adc r15,r29
  80 0036 06E0      		ldi r16,lo8(6)
  81 0038 26E0      		ldi r18,lo8(6)
  82 003a 4CE1      		ldi r20,lo8(28)
  83 003c 64E1      		ldi r22,lo8(20)
  84 003e CE01      		movw r24,r28
  85 0040 0196      		adiw r24,1
  86 0042 0E94 0000 		call init_sprite
  87               	.LVL1:
  30:pit.c         **** 
  31:pit.c         **** 	draw_sprite( &pit );
  88               		.loc 1 31 0
  89 0046 CE01      		movw r24,r28
  90 0048 0196      		adiw r24,1
  91 004a 0E94 0000 		call draw_sprite
  92               	.LVL2:
  93               	/* epilogue start */
  32:pit.c         **** 
  33:pit.c         **** 
  34:pit.c         **** }
  94               		.loc 1 34 0
  95 004e 6B96      		adiw r28,27
  96 0050 0FB6      		in __tmp_reg__,__SREG__
  97 0052 F894      		cli
  98 0054 DEBF      		out __SP_H__,r29
  99 0056 0FBE      		out __SREG__,__tmp_reg__
 100 0058 CDBF      		out __SP_L__,r28
 101 005a DF91      		pop r29
 102 005c CF91      		pop r28
 103 005e 0F91      		pop r16
 104 0060 FF90      		pop r15
 105 0062 EF90      		pop r14
 106 0064 0895      		ret
 107               		.cfi_endproc
 108               	.LFE1:
 110               		.text
 111               	.Letext0:
 112               		.file 2 "../teensy_graphics/sprite.h"
 113               		.file 3 "../teensy_graphics/byte.h"
 114               		.file 4 "../teensy_graphics/ascii_font.h"
DEFINED SYMBOLS
                            *ABS*:00000000 pit.c
/var/folders/dz/7l40hrmj72997lgmj3pdxb_m0000gn/T//ccdp1G2a.s:2      *ABS*:0000003e __SP_H__
/var/folders/dz/7l40hrmj72997lgmj3pdxb_m0000gn/T//ccdp1G2a.s:3      *ABS*:0000003d __SP_L__
/var/folders/dz/7l40hrmj72997lgmj3pdxb_m0000gn/T//ccdp1G2a.s:4      *ABS*:0000003f __SREG__
/var/folders/dz/7l40hrmj72997lgmj3pdxb_m0000gn/T//ccdp1G2a.s:5      *ABS*:00000000 __tmp_reg__
/var/folders/dz/7l40hrmj72997lgmj3pdxb_m0000gn/T//ccdp1G2a.s:6      *ABS*:00000001 __zero_reg__
/var/folders/dz/7l40hrmj72997lgmj3pdxb_m0000gn/T//ccdp1G2a.s:21     .text.start_pit:00000000 start_pit

UNDEFINED SYMBOLS
init_sprite
draw_sprite
__do_copy_data
