   1               		.file	"start_screen.c"
   2               	__SP_H__ = 0x3e
   3               	__SP_L__ = 0x3d
   4               	__SREG__ = 0x3f
   5               	__tmp_reg__ = 0
   6               	__zero_reg__ = 1
   7               		.text
   8               	.Ltext0:
   9               		.cfi_sections	.debug_frame
  10               		.section	.rodata.str1.1,"aMS",@progbits,1
  11               	.LC0:
  12 0000 3300      		.string	"3"
  13               	.LC1:
  14 0002 3200      		.string	"2"
  15               	.LC2:
  16 0004 3100      		.string	"1"
  17               		.section	.text.game_countdown,"ax",@progbits
  18               	.global	game_countdown
  20               	game_countdown:
  21               	.LFB7:
  22               		.file 1 "start_screen.c"
   1:start_screen.c **** /*
   2:start_screen.c ****  * start_screen.c
   3:start_screen.c ****  *
   4:start_screen.c ****  *  Created on: 8 May 2015
   5:start_screen.c ****  *      Author: Jai Spicer
   6:start_screen.c ****  */
   7:start_screen.c **** 
   8:start_screen.c **** #include <util/delay.h>
   9:start_screen.c **** 
  10:start_screen.c **** #include "start_screen.h"
  11:start_screen.c **** #include "friendly_ports.h"
  12:start_screen.c **** 
  13:start_screen.c **** void setup_start_screen() { // Write the different strings at the correct locations on the screen
  14:start_screen.c **** 	clear();
  15:start_screen.c **** 	draw_string("ZombieDash",15,0);
  16:start_screen.c **** 	draw_string("Teensy Edition",7,9);
  17:start_screen.c **** 	draw_string("n9378880",19,27);
  18:start_screen.c **** 	draw_string("Jai Spicer",15,36);
  19:start_screen.c **** 	refresh();
  20:start_screen.c **** 	wait_until( pressed( SW1 ) );
  21:start_screen.c **** 	wait_until( !pressed( SW1 ) );
  22:start_screen.c **** 
  23:start_screen.c **** 	game_countdown();
  24:start_screen.c **** 	refresh();
  25:start_screen.c **** }
  26:start_screen.c **** 
  27:start_screen.c **** void game_countdown() {
  23               		.loc 1 27 0
  24               		.cfi_startproc
  25               	/* prologue: function */
  26               	/* frame size = 0 */
  27               	/* stack size = 0 */
  28               	.L__stack_usage = 0
  28:start_screen.c **** 	clear();
  29               		.loc 1 28 0
  30 0000 0E94 0000 		call clear
  31               	.LVL0:
  29:start_screen.c **** 	int timer = 3;
  30:start_screen.c **** //	while ( timer > 0) {
  31:start_screen.c **** 
  32:start_screen.c **** 		draw_string( "3", 40, 22 );
  32               		.loc 1 32 0
  33 0004 46E1      		ldi r20,lo8(22)
  34 0006 50E0      		ldi r21,0
  35 0008 68E2      		ldi r22,lo8(40)
  36 000a 70E0      		ldi r23,0
  37 000c 80E0      		ldi r24,lo8(.LC0)
  38 000e 90E0      		ldi r25,hi8(.LC0)
  39 0010 0E94 0000 		call draw_string
  40               	.LVL1:
  33:start_screen.c **** 		refresh();
  41               		.loc 1 33 0
  42 0014 0E94 0000 		call refresh
  43               	.LVL2:
  44               	.LBB8:
  45               	.LBB9:
  46               		.file 2 "/usr/local/bin/../lib/gcc/avr/4.7.2/../../../../avr/include/util/delay.h"
   1:/usr/local/bin/../lib/gcc/avr/4.7.2/../../../../avr/include/util/delay.h **** /* Copyright (c) 2002, Marek Michalkiewicz
   2:/usr/local/bin/../lib/gcc/avr/4.7.2/../../../../avr/include/util/delay.h ****    Copyright (c) 2004,2005,2007 Joerg Wunsch
   3:/usr/local/bin/../lib/gcc/avr/4.7.2/../../../../avr/include/util/delay.h ****    Copyright (c) 2007  Florin-Viorel Petrov
   4:/usr/local/bin/../lib/gcc/avr/4.7.2/../../../../avr/include/util/delay.h ****    All rights reserved.
   5:/usr/local/bin/../lib/gcc/avr/4.7.2/../../../../avr/include/util/delay.h **** 
   6:/usr/local/bin/../lib/gcc/avr/4.7.2/../../../../avr/include/util/delay.h ****    Redistribution and use in source and binary forms, with or without
   7:/usr/local/bin/../lib/gcc/avr/4.7.2/../../../../avr/include/util/delay.h ****    modification, are permitted provided that the following conditions are met:
   8:/usr/local/bin/../lib/gcc/avr/4.7.2/../../../../avr/include/util/delay.h **** 
   9:/usr/local/bin/../lib/gcc/avr/4.7.2/../../../../avr/include/util/delay.h ****    * Redistributions of source code must retain the above copyright
  10:/usr/local/bin/../lib/gcc/avr/4.7.2/../../../../avr/include/util/delay.h ****      notice, this list of conditions and the following disclaimer.
  11:/usr/local/bin/../lib/gcc/avr/4.7.2/../../../../avr/include/util/delay.h **** 
  12:/usr/local/bin/../lib/gcc/avr/4.7.2/../../../../avr/include/util/delay.h ****    * Redistributions in binary form must reproduce the above copyright
  13:/usr/local/bin/../lib/gcc/avr/4.7.2/../../../../avr/include/util/delay.h ****      notice, this list of conditions and the following disclaimer in
  14:/usr/local/bin/../lib/gcc/avr/4.7.2/../../../../avr/include/util/delay.h ****      the documentation and/or other materials provided with the
  15:/usr/local/bin/../lib/gcc/avr/4.7.2/../../../../avr/include/util/delay.h ****      distribution.
  16:/usr/local/bin/../lib/gcc/avr/4.7.2/../../../../avr/include/util/delay.h **** 
  17:/usr/local/bin/../lib/gcc/avr/4.7.2/../../../../avr/include/util/delay.h ****    * Neither the name of the copyright holders nor the names of
  18:/usr/local/bin/../lib/gcc/avr/4.7.2/../../../../avr/include/util/delay.h ****      contributors may be used to endorse or promote products derived
  19:/usr/local/bin/../lib/gcc/avr/4.7.2/../../../../avr/include/util/delay.h ****      from this software without specific prior written permission.
  20:/usr/local/bin/../lib/gcc/avr/4.7.2/../../../../avr/include/util/delay.h **** 
  21:/usr/local/bin/../lib/gcc/avr/4.7.2/../../../../avr/include/util/delay.h ****   THIS SOFTWARE IS PROVIDED BY THE COPYRIGHT HOLDERS AND CONTRIBUTORS "AS IS"
  22:/usr/local/bin/../lib/gcc/avr/4.7.2/../../../../avr/include/util/delay.h ****   AND ANY EXPRESS OR IMPLIED WARRANTIES, INCLUDING, BUT NOT LIMITED TO, THE
  23:/usr/local/bin/../lib/gcc/avr/4.7.2/../../../../avr/include/util/delay.h ****   IMPLIED WARRANTIES OF MERCHANTABILITY AND FITNESS FOR A PARTICULAR PURPOSE
  24:/usr/local/bin/../lib/gcc/avr/4.7.2/../../../../avr/include/util/delay.h ****   ARE DISCLAIMED. IN NO EVENT SHALL THE COPYRIGHT OWNER OR CONTRIBUTORS BE
  25:/usr/local/bin/../lib/gcc/avr/4.7.2/../../../../avr/include/util/delay.h ****   LIABLE FOR ANY DIRECT, INDIRECT, INCIDENTAL, SPECIAL, EXEMPLARY, OR
  26:/usr/local/bin/../lib/gcc/avr/4.7.2/../../../../avr/include/util/delay.h ****   CONSEQUENTIAL DAMAGES (INCLUDING, BUT NOT LIMITED TO, PROCUREMENT OF
  27:/usr/local/bin/../lib/gcc/avr/4.7.2/../../../../avr/include/util/delay.h ****   SUBSTITUTE GOODS OR SERVICES; LOSS OF USE, DATA, OR PROFITS; OR BUSINESS
  28:/usr/local/bin/../lib/gcc/avr/4.7.2/../../../../avr/include/util/delay.h ****   INTERRUPTION) HOWEVER CAUSED AND ON ANY THEORY OF LIABILITY, WHETHER IN
  29:/usr/local/bin/../lib/gcc/avr/4.7.2/../../../../avr/include/util/delay.h ****   CONTRACT, STRICT LIABILITY, OR TORT (INCLUDING NEGLIGENCE OR OTHERWISE)
  30:/usr/local/bin/../lib/gcc/avr/4.7.2/../../../../avr/include/util/delay.h ****   ARISING IN ANY WAY OUT OF THE USE OF THIS SOFTWARE, EVEN IF ADVISED OF THE
  31:/usr/local/bin/../lib/gcc/avr/4.7.2/../../../../avr/include/util/delay.h ****   POSSIBILITY OF SUCH DAMAGE. */
  32:/usr/local/bin/../lib/gcc/avr/4.7.2/../../../../avr/include/util/delay.h **** 
  33:/usr/local/bin/../lib/gcc/avr/4.7.2/../../../../avr/include/util/delay.h **** /* $Id: delay.h.in 2251 2011-09-14 08:20:33Z joerg_wunsch $ */
  34:/usr/local/bin/../lib/gcc/avr/4.7.2/../../../../avr/include/util/delay.h **** 
  35:/usr/local/bin/../lib/gcc/avr/4.7.2/../../../../avr/include/util/delay.h **** #ifndef _UTIL_DELAY_H_
  36:/usr/local/bin/../lib/gcc/avr/4.7.2/../../../../avr/include/util/delay.h **** #define _UTIL_DELAY_H_ 1
  37:/usr/local/bin/../lib/gcc/avr/4.7.2/../../../../avr/include/util/delay.h **** 
  38:/usr/local/bin/../lib/gcc/avr/4.7.2/../../../../avr/include/util/delay.h **** #ifndef __HAS_DELAY_CYCLES
  39:/usr/local/bin/../lib/gcc/avr/4.7.2/../../../../avr/include/util/delay.h **** #define __HAS_DELAY_CYCLES 1
  40:/usr/local/bin/../lib/gcc/avr/4.7.2/../../../../avr/include/util/delay.h **** #endif
  41:/usr/local/bin/../lib/gcc/avr/4.7.2/../../../../avr/include/util/delay.h **** 
  42:/usr/local/bin/../lib/gcc/avr/4.7.2/../../../../avr/include/util/delay.h **** #include <inttypes.h>
  43:/usr/local/bin/../lib/gcc/avr/4.7.2/../../../../avr/include/util/delay.h **** #include <util/delay_basic.h>
  44:/usr/local/bin/../lib/gcc/avr/4.7.2/../../../../avr/include/util/delay.h **** #include <math.h>
  45:/usr/local/bin/../lib/gcc/avr/4.7.2/../../../../avr/include/util/delay.h **** 
  46:/usr/local/bin/../lib/gcc/avr/4.7.2/../../../../avr/include/util/delay.h **** /** \file */
  47:/usr/local/bin/../lib/gcc/avr/4.7.2/../../../../avr/include/util/delay.h **** /** \defgroup util_delay <util/delay.h>: Convenience functions for busy-wait delay loops
  48:/usr/local/bin/../lib/gcc/avr/4.7.2/../../../../avr/include/util/delay.h ****     \code
  49:/usr/local/bin/../lib/gcc/avr/4.7.2/../../../../avr/include/util/delay.h ****     #define F_CPU 1000000UL  // 1 MHz
  50:/usr/local/bin/../lib/gcc/avr/4.7.2/../../../../avr/include/util/delay.h ****     //#define F_CPU 14.7456E6
  51:/usr/local/bin/../lib/gcc/avr/4.7.2/../../../../avr/include/util/delay.h ****     #include <util/delay.h>
  52:/usr/local/bin/../lib/gcc/avr/4.7.2/../../../../avr/include/util/delay.h ****     \endcode
  53:/usr/local/bin/../lib/gcc/avr/4.7.2/../../../../avr/include/util/delay.h **** 
  54:/usr/local/bin/../lib/gcc/avr/4.7.2/../../../../avr/include/util/delay.h ****     \note As an alternative method, it is possible to pass the
  55:/usr/local/bin/../lib/gcc/avr/4.7.2/../../../../avr/include/util/delay.h ****     F_CPU macro down to the compiler from the Makefile.
  56:/usr/local/bin/../lib/gcc/avr/4.7.2/../../../../avr/include/util/delay.h ****     Obviously, in that case, no \c \#define statement should be
  57:/usr/local/bin/../lib/gcc/avr/4.7.2/../../../../avr/include/util/delay.h ****     used.
  58:/usr/local/bin/../lib/gcc/avr/4.7.2/../../../../avr/include/util/delay.h **** 
  59:/usr/local/bin/../lib/gcc/avr/4.7.2/../../../../avr/include/util/delay.h ****     The functions in this header file are wrappers around the basic
  60:/usr/local/bin/../lib/gcc/avr/4.7.2/../../../../avr/include/util/delay.h ****     busy-wait functions from <util/delay_basic.h>.  They are meant as
  61:/usr/local/bin/../lib/gcc/avr/4.7.2/../../../../avr/include/util/delay.h ****     convenience functions where actual time values can be specified
  62:/usr/local/bin/../lib/gcc/avr/4.7.2/../../../../avr/include/util/delay.h ****     rather than a number of cycles to wait for.  The idea behind is
  63:/usr/local/bin/../lib/gcc/avr/4.7.2/../../../../avr/include/util/delay.h ****     that compile-time constant expressions will be eliminated by
  64:/usr/local/bin/../lib/gcc/avr/4.7.2/../../../../avr/include/util/delay.h ****     compiler optimization so floating-point expressions can be used
  65:/usr/local/bin/../lib/gcc/avr/4.7.2/../../../../avr/include/util/delay.h ****     to calculate the number of delay cycles needed based on the CPU
  66:/usr/local/bin/../lib/gcc/avr/4.7.2/../../../../avr/include/util/delay.h ****     frequency passed by the macro F_CPU.
  67:/usr/local/bin/../lib/gcc/avr/4.7.2/../../../../avr/include/util/delay.h **** 
  68:/usr/local/bin/../lib/gcc/avr/4.7.2/../../../../avr/include/util/delay.h ****     \note In order for these functions to work as intended, compiler
  69:/usr/local/bin/../lib/gcc/avr/4.7.2/../../../../avr/include/util/delay.h ****     optimizations <em>must</em> be enabled, and the delay time
  70:/usr/local/bin/../lib/gcc/avr/4.7.2/../../../../avr/include/util/delay.h ****     <em>must</em> be an expression that is a known constant at
  71:/usr/local/bin/../lib/gcc/avr/4.7.2/../../../../avr/include/util/delay.h ****     compile-time.  If these requirements are not met, the resulting
  72:/usr/local/bin/../lib/gcc/avr/4.7.2/../../../../avr/include/util/delay.h ****     delay will be much longer (and basically unpredictable), and
  73:/usr/local/bin/../lib/gcc/avr/4.7.2/../../../../avr/include/util/delay.h ****     applications that otherwise do not use floating-point calculations
  74:/usr/local/bin/../lib/gcc/avr/4.7.2/../../../../avr/include/util/delay.h ****     will experience severe code bloat by the floating-point library
  75:/usr/local/bin/../lib/gcc/avr/4.7.2/../../../../avr/include/util/delay.h ****     routines linked into the application.
  76:/usr/local/bin/../lib/gcc/avr/4.7.2/../../../../avr/include/util/delay.h **** 
  77:/usr/local/bin/../lib/gcc/avr/4.7.2/../../../../avr/include/util/delay.h ****     The functions available allow the specification of microsecond, and
  78:/usr/local/bin/../lib/gcc/avr/4.7.2/../../../../avr/include/util/delay.h ****     millisecond delays directly, using the application-supplied macro
  79:/usr/local/bin/../lib/gcc/avr/4.7.2/../../../../avr/include/util/delay.h ****     F_CPU as the CPU clock frequency (in Hertz).
  80:/usr/local/bin/../lib/gcc/avr/4.7.2/../../../../avr/include/util/delay.h **** 
  81:/usr/local/bin/../lib/gcc/avr/4.7.2/../../../../avr/include/util/delay.h **** */
  82:/usr/local/bin/../lib/gcc/avr/4.7.2/../../../../avr/include/util/delay.h **** 
  83:/usr/local/bin/../lib/gcc/avr/4.7.2/../../../../avr/include/util/delay.h **** #if !defined(__DOXYGEN__)
  84:/usr/local/bin/../lib/gcc/avr/4.7.2/../../../../avr/include/util/delay.h **** static inline void _delay_us(double __us) __attribute__((always_inline));
  85:/usr/local/bin/../lib/gcc/avr/4.7.2/../../../../avr/include/util/delay.h **** static inline void _delay_ms(double __ms) __attribute__((always_inline));
  86:/usr/local/bin/../lib/gcc/avr/4.7.2/../../../../avr/include/util/delay.h **** #endif
  87:/usr/local/bin/../lib/gcc/avr/4.7.2/../../../../avr/include/util/delay.h **** 
  88:/usr/local/bin/../lib/gcc/avr/4.7.2/../../../../avr/include/util/delay.h **** #ifndef F_CPU
  89:/usr/local/bin/../lib/gcc/avr/4.7.2/../../../../avr/include/util/delay.h **** /* prevent compiler error by supplying a default */
  90:/usr/local/bin/../lib/gcc/avr/4.7.2/../../../../avr/include/util/delay.h **** # warning "F_CPU not defined for <util/delay.h>"
  91:/usr/local/bin/../lib/gcc/avr/4.7.2/../../../../avr/include/util/delay.h **** # define F_CPU 1000000UL
  92:/usr/local/bin/../lib/gcc/avr/4.7.2/../../../../avr/include/util/delay.h **** #endif
  93:/usr/local/bin/../lib/gcc/avr/4.7.2/../../../../avr/include/util/delay.h **** 
  94:/usr/local/bin/../lib/gcc/avr/4.7.2/../../../../avr/include/util/delay.h **** #ifndef __OPTIMIZE__
  95:/usr/local/bin/../lib/gcc/avr/4.7.2/../../../../avr/include/util/delay.h **** # warning "Compiler optimizations disabled; functions from <util/delay.h> won't work as designed"
  96:/usr/local/bin/../lib/gcc/avr/4.7.2/../../../../avr/include/util/delay.h **** #endif
  97:/usr/local/bin/../lib/gcc/avr/4.7.2/../../../../avr/include/util/delay.h **** 
  98:/usr/local/bin/../lib/gcc/avr/4.7.2/../../../../avr/include/util/delay.h **** #if __HAS_DELAY_CYCLES && defined(__OPTIMIZE__) && \
  99:/usr/local/bin/../lib/gcc/avr/4.7.2/../../../../avr/include/util/delay.h ****   !defined(__DELAY_BACKWARD_COMPATIBLE__) &&	   \
 100:/usr/local/bin/../lib/gcc/avr/4.7.2/../../../../avr/include/util/delay.h ****   __STDC_HOSTED__
 101:/usr/local/bin/../lib/gcc/avr/4.7.2/../../../../avr/include/util/delay.h **** #  include <math.h>
 102:/usr/local/bin/../lib/gcc/avr/4.7.2/../../../../avr/include/util/delay.h **** #endif
 103:/usr/local/bin/../lib/gcc/avr/4.7.2/../../../../avr/include/util/delay.h **** 
 104:/usr/local/bin/../lib/gcc/avr/4.7.2/../../../../avr/include/util/delay.h **** /**
 105:/usr/local/bin/../lib/gcc/avr/4.7.2/../../../../avr/include/util/delay.h ****    \ingroup util_delay
 106:/usr/local/bin/../lib/gcc/avr/4.7.2/../../../../avr/include/util/delay.h **** 
 107:/usr/local/bin/../lib/gcc/avr/4.7.2/../../../../avr/include/util/delay.h ****    Perform a delay of \c __ms milliseconds, using _delay_loop_2().
 108:/usr/local/bin/../lib/gcc/avr/4.7.2/../../../../avr/include/util/delay.h **** 
 109:/usr/local/bin/../lib/gcc/avr/4.7.2/../../../../avr/include/util/delay.h ****    The macro F_CPU is supposed to be defined to a
 110:/usr/local/bin/../lib/gcc/avr/4.7.2/../../../../avr/include/util/delay.h ****    constant defining the CPU clock frequency (in Hertz).
 111:/usr/local/bin/../lib/gcc/avr/4.7.2/../../../../avr/include/util/delay.h **** 
 112:/usr/local/bin/../lib/gcc/avr/4.7.2/../../../../avr/include/util/delay.h ****    The maximal possible delay is 262.14 ms / F_CPU in MHz.
 113:/usr/local/bin/../lib/gcc/avr/4.7.2/../../../../avr/include/util/delay.h **** 
 114:/usr/local/bin/../lib/gcc/avr/4.7.2/../../../../avr/include/util/delay.h ****    When the user request delay which exceed the maximum possible one,
 115:/usr/local/bin/../lib/gcc/avr/4.7.2/../../../../avr/include/util/delay.h ****    _delay_ms() provides a decreased resolution functionality. In this
 116:/usr/local/bin/../lib/gcc/avr/4.7.2/../../../../avr/include/util/delay.h ****    mode _delay_ms() will work with a resolution of 1/10 ms, providing
 117:/usr/local/bin/../lib/gcc/avr/4.7.2/../../../../avr/include/util/delay.h ****    delays up to 6.5535 seconds (independent from CPU frequency).  The
 118:/usr/local/bin/../lib/gcc/avr/4.7.2/../../../../avr/include/util/delay.h ****    user will not be informed about decreased resolution.
 119:/usr/local/bin/../lib/gcc/avr/4.7.2/../../../../avr/include/util/delay.h **** 
 120:/usr/local/bin/../lib/gcc/avr/4.7.2/../../../../avr/include/util/delay.h ****    If the avr-gcc toolchain has __builtin_avr_delay_cycles(unsigned long)
 121:/usr/local/bin/../lib/gcc/avr/4.7.2/../../../../avr/include/util/delay.h ****    support, maximal possible delay is 4294967.295 ms/ F_CPU in MHz. For
 122:/usr/local/bin/../lib/gcc/avr/4.7.2/../../../../avr/include/util/delay.h ****    values greater than the maximal possible delay, overflows results in
 123:/usr/local/bin/../lib/gcc/avr/4.7.2/../../../../avr/include/util/delay.h ****    no delay i.e., 0ms.
 124:/usr/local/bin/../lib/gcc/avr/4.7.2/../../../../avr/include/util/delay.h **** 
 125:/usr/local/bin/../lib/gcc/avr/4.7.2/../../../../avr/include/util/delay.h ****    Conversion of __us into clock cycles may not always result in integer.
 126:/usr/local/bin/../lib/gcc/avr/4.7.2/../../../../avr/include/util/delay.h ****    By default, the clock cycles rounded up to next integer. This ensures that
 127:/usr/local/bin/../lib/gcc/avr/4.7.2/../../../../avr/include/util/delay.h ****    the user gets atleast __us microseconds of delay.
 128:/usr/local/bin/../lib/gcc/avr/4.7.2/../../../../avr/include/util/delay.h **** 
 129:/usr/local/bin/../lib/gcc/avr/4.7.2/../../../../avr/include/util/delay.h ****    Alternatively, user can define __DELAY_ROUND_DOWN__ and __DELAY_ROUND_CLOSEST__
 130:/usr/local/bin/../lib/gcc/avr/4.7.2/../../../../avr/include/util/delay.h ****    to round down and round to closest integer.
 131:/usr/local/bin/../lib/gcc/avr/4.7.2/../../../../avr/include/util/delay.h **** 
 132:/usr/local/bin/../lib/gcc/avr/4.7.2/../../../../avr/include/util/delay.h ****    Note: The new implementation of _delay_ms(double __ms) with 
 133:/usr/local/bin/../lib/gcc/avr/4.7.2/../../../../avr/include/util/delay.h ****     __builtin_avr_delay_cycles(unsigned long) support is not backward compatible. 
 134:/usr/local/bin/../lib/gcc/avr/4.7.2/../../../../avr/include/util/delay.h ****    User can define __DELAY_BACKWARD_COMPATIBLE__ to get a backward compatible delay.
 135:/usr/local/bin/../lib/gcc/avr/4.7.2/../../../../avr/include/util/delay.h ****    Also, the backward compatible
 136:/usr/local/bin/../lib/gcc/avr/4.7.2/../../../../avr/include/util/delay.h ****    algorithm will be chosen if the code is compiled in a <em>freestanding
 137:/usr/local/bin/../lib/gcc/avr/4.7.2/../../../../avr/include/util/delay.h ****    environment</em> (GCC option \c -ffreestanding), as the math functions
 138:/usr/local/bin/../lib/gcc/avr/4.7.2/../../../../avr/include/util/delay.h ****    required for rounding are not available to the compiler then.
 139:/usr/local/bin/../lib/gcc/avr/4.7.2/../../../../avr/include/util/delay.h **** 
 140:/usr/local/bin/../lib/gcc/avr/4.7.2/../../../../avr/include/util/delay.h ****  */
 141:/usr/local/bin/../lib/gcc/avr/4.7.2/../../../../avr/include/util/delay.h **** void
 142:/usr/local/bin/../lib/gcc/avr/4.7.2/../../../../avr/include/util/delay.h **** _delay_ms(double __ms)
 143:/usr/local/bin/../lib/gcc/avr/4.7.2/../../../../avr/include/util/delay.h **** {
 144:/usr/local/bin/../lib/gcc/avr/4.7.2/../../../../avr/include/util/delay.h **** 	uint16_t __ticks;
 145:/usr/local/bin/../lib/gcc/avr/4.7.2/../../../../avr/include/util/delay.h **** 	double __tmp ; 
 146:/usr/local/bin/../lib/gcc/avr/4.7.2/../../../../avr/include/util/delay.h **** #if __HAS_DELAY_CYCLES && defined(__OPTIMIZE__) && \
 147:/usr/local/bin/../lib/gcc/avr/4.7.2/../../../../avr/include/util/delay.h ****   !defined(__DELAY_BACKWARD_COMPATIBLE__) &&	   \
 148:/usr/local/bin/../lib/gcc/avr/4.7.2/../../../../avr/include/util/delay.h ****   __STDC_HOSTED__
 149:/usr/local/bin/../lib/gcc/avr/4.7.2/../../../../avr/include/util/delay.h **** 	uint32_t __ticks_dc;
 150:/usr/local/bin/../lib/gcc/avr/4.7.2/../../../../avr/include/util/delay.h **** 	extern void __builtin_avr_delay_cycles(unsigned long);
 151:/usr/local/bin/../lib/gcc/avr/4.7.2/../../../../avr/include/util/delay.h **** 	__tmp = ((F_CPU) / 1e3) * __ms;
 152:/usr/local/bin/../lib/gcc/avr/4.7.2/../../../../avr/include/util/delay.h **** 
 153:/usr/local/bin/../lib/gcc/avr/4.7.2/../../../../avr/include/util/delay.h **** 	#if defined(__DELAY_ROUND_DOWN__)
 154:/usr/local/bin/../lib/gcc/avr/4.7.2/../../../../avr/include/util/delay.h **** 		__ticks_dc = (uint32_t)fabs(__tmp);
 155:/usr/local/bin/../lib/gcc/avr/4.7.2/../../../../avr/include/util/delay.h **** 
 156:/usr/local/bin/../lib/gcc/avr/4.7.2/../../../../avr/include/util/delay.h **** 	#elif defined(__DELAY_ROUND_CLOSEST__)
 157:/usr/local/bin/../lib/gcc/avr/4.7.2/../../../../avr/include/util/delay.h **** 		__ticks_dc = (uint32_t)(fabs(__tmp)+0.5);
 158:/usr/local/bin/../lib/gcc/avr/4.7.2/../../../../avr/include/util/delay.h **** 
 159:/usr/local/bin/../lib/gcc/avr/4.7.2/../../../../avr/include/util/delay.h **** 	#else
 160:/usr/local/bin/../lib/gcc/avr/4.7.2/../../../../avr/include/util/delay.h **** 		//round up by default
 161:/usr/local/bin/../lib/gcc/avr/4.7.2/../../../../avr/include/util/delay.h **** 		__ticks_dc = (uint32_t)(ceil(fabs(__tmp)));
 162:/usr/local/bin/../lib/gcc/avr/4.7.2/../../../../avr/include/util/delay.h **** 	#endif
 163:/usr/local/bin/../lib/gcc/avr/4.7.2/../../../../avr/include/util/delay.h **** 
 164:/usr/local/bin/../lib/gcc/avr/4.7.2/../../../../avr/include/util/delay.h **** 	__builtin_avr_delay_cycles(__ticks_dc);
  47               		.loc 2 164 0
  48 0018 2FEF      		ldi r18,lo8(1599999)
  49 001a 89E6      		ldi r24,hi8(1599999)
  50 001c 98E1      		ldi r25,hlo8(1599999)
  51 001e 2150      		1: subi r18,1
  52 0020 8040      		sbci r24,0
  53 0022 9040      		sbci r25,0
  54 0024 01F4      		brne 1b
  55 0026 00C0      		rjmp .
  56 0028 0000      		nop
  57               	.LBE9:
  58               	.LBE8:
  34:start_screen.c **** 		_delay_ms(1000);
  35:start_screen.c **** 		clear();
  59               		.loc 1 35 0
  60 002a 0E94 0000 		call clear
  61               	.LVL3:
  36:start_screen.c **** 		draw_string( "2", 40, 22 );
  62               		.loc 1 36 0
  63 002e 46E1      		ldi r20,lo8(22)
  64 0030 50E0      		ldi r21,0
  65 0032 68E2      		ldi r22,lo8(40)
  66 0034 70E0      		ldi r23,0
  67 0036 80E0      		ldi r24,lo8(.LC1)
  68 0038 90E0      		ldi r25,hi8(.LC1)
  69 003a 0E94 0000 		call draw_string
  70               	.LVL4:
  37:start_screen.c **** 		refresh();
  71               		.loc 1 37 0
  72 003e 0E94 0000 		call refresh
  73               	.LVL5:
  74               	.LBB10:
  75               	.LBB11:
  76               		.loc 2 164 0
  77 0042 2FEF      		ldi r18,lo8(1599999)
  78 0044 89E6      		ldi r24,hi8(1599999)
  79 0046 98E1      		ldi r25,hlo8(1599999)
  80 0048 2150      		1: subi r18,1
  81 004a 8040      		sbci r24,0
  82 004c 9040      		sbci r25,0
  83 004e 01F4      		brne 1b
  84 0050 00C0      		rjmp .
  85 0052 0000      		nop
  86               	.LBE11:
  87               	.LBE10:
  38:start_screen.c **** 		_delay_ms(1000);
  39:start_screen.c **** 		clear();
  88               		.loc 1 39 0
  89 0054 0E94 0000 		call clear
  90               	.LVL6:
  40:start_screen.c **** 		draw_string( "1", 40, 22 );
  91               		.loc 1 40 0
  92 0058 46E1      		ldi r20,lo8(22)
  93 005a 50E0      		ldi r21,0
  94 005c 68E2      		ldi r22,lo8(40)
  95 005e 70E0      		ldi r23,0
  96 0060 80E0      		ldi r24,lo8(.LC2)
  97 0062 90E0      		ldi r25,hi8(.LC2)
  98 0064 0E94 0000 		call draw_string
  99               	.LVL7:
  41:start_screen.c **** 		refresh();
 100               		.loc 1 41 0
 101 0068 0E94 0000 		call refresh
 102               	.LVL8:
 103               	.LBB12:
 104               	.LBB13:
 105               		.loc 2 164 0
 106 006c 2FEF      		ldi r18,lo8(1599999)
 107 006e 89E6      		ldi r24,hi8(1599999)
 108 0070 98E1      		ldi r25,hlo8(1599999)
 109 0072 2150      		1: subi r18,1
 110 0074 8040      		sbci r24,0
 111 0076 9040      		sbci r25,0
 112 0078 01F4      		brne 1b
 113 007a 00C0      		rjmp .
 114 007c 0000      		nop
 115               	.LBE13:
 116               	.LBE12:
  42:start_screen.c **** 		_delay_ms(1000);
  43:start_screen.c **** 		clear();
 117               		.loc 1 43 0
 118 007e 0E94 0000 		call clear
 119               	.LVL9:
  44:start_screen.c **** 
  45:start_screen.c **** //	}
  46:start_screen.c **** 	clear();
 120               		.loc 1 46 0
 121 0082 0C94 0000 		jmp clear
 122               	.LVL10:
 123               		.cfi_endproc
 124               	.LFE7:
 126               		.section	.rodata.str1.1
 127               	.LC3:
 128 0006 5A6F 6D62 		.string	"ZombieDash"
 128      6965 4461 
 128      7368 00
 129               	.LC4:
 130 0011 5465 656E 		.string	"Teensy Edition"
 130      7379 2045 
 130      6469 7469 
 130      6F6E 00
 131               	.LC5:
 132 0020 6E39 3337 		.string	"n9378880"
 132      3838 3830 
 132      00
 133               	.LC6:
 134 0029 4A61 6920 		.string	"Jai Spicer"
 134      5370 6963 
 134      6572 00
 135               		.section	.text.setup_start_screen,"ax",@progbits
 136               	.global	setup_start_screen
 138               	setup_start_screen:
 139               	.LFB6:
  13:start_screen.c **** void setup_start_screen() { // Write the different strings at the correct locations on the screen
 140               		.loc 1 13 0
 141               		.cfi_startproc
 142               	/* prologue: function */
 143               	/* frame size = 0 */
 144               	/* stack size = 0 */
 145               	.L__stack_usage = 0
  14:start_screen.c **** 	clear();
 146               		.loc 1 14 0
 147 0000 0E94 0000 		call clear
 148               	.LVL11:
  15:start_screen.c **** 	draw_string("ZombieDash",15,0);
 149               		.loc 1 15 0
 150 0004 40E0      		ldi r20,0
 151 0006 50E0      		ldi r21,0
 152 0008 6FE0      		ldi r22,lo8(15)
 153 000a 70E0      		ldi r23,0
 154 000c 80E0      		ldi r24,lo8(.LC3)
 155 000e 90E0      		ldi r25,hi8(.LC3)
 156 0010 0E94 0000 		call draw_string
 157               	.LVL12:
  16:start_screen.c **** 	draw_string("Teensy Edition",7,9);
 158               		.loc 1 16 0
 159 0014 49E0      		ldi r20,lo8(9)
 160 0016 50E0      		ldi r21,0
 161 0018 67E0      		ldi r22,lo8(7)
 162 001a 70E0      		ldi r23,0
 163 001c 80E0      		ldi r24,lo8(.LC4)
 164 001e 90E0      		ldi r25,hi8(.LC4)
 165 0020 0E94 0000 		call draw_string
 166               	.LVL13:
  17:start_screen.c **** 	draw_string("n9378880",19,27);
 167               		.loc 1 17 0
 168 0024 4BE1      		ldi r20,lo8(27)
 169 0026 50E0      		ldi r21,0
 170 0028 63E1      		ldi r22,lo8(19)
 171 002a 70E0      		ldi r23,0
 172 002c 80E0      		ldi r24,lo8(.LC5)
 173 002e 90E0      		ldi r25,hi8(.LC5)
 174 0030 0E94 0000 		call draw_string
 175               	.LVL14:
  18:start_screen.c **** 	draw_string("Jai Spicer",15,36);
 176               		.loc 1 18 0
 177 0034 44E2      		ldi r20,lo8(36)
 178 0036 50E0      		ldi r21,0
 179 0038 6FE0      		ldi r22,lo8(15)
 180 003a 70E0      		ldi r23,0
 181 003c 80E0      		ldi r24,lo8(.LC6)
 182 003e 90E0      		ldi r25,hi8(.LC6)
 183 0040 0E94 0000 		call draw_string
 184               	.LVL15:
  19:start_screen.c **** 	refresh();
 185               		.loc 1 19 0
 186 0044 0E94 0000 		call refresh
 187               	.LVL16:
 188               	.L3:
  20:start_screen.c **** 	wait_until( pressed( SW1 ) );
 189               		.loc 1 20 0 discriminator 1
 190 0048 199B      		sbis 0x3,1
 191 004a 00C0      		rjmp .L3
 192               	.L7:
  21:start_screen.c **** 	wait_until( !pressed( SW1 ) );
 193               		.loc 1 21 0
 194 004c 1999      		sbic 0x3,1
 195 004e 00C0      		rjmp .L7
  23:start_screen.c **** 	game_countdown();
 196               		.loc 1 23 0
 197 0050 0E94 0000 		call game_countdown
 198               	.LVL17:
  24:start_screen.c **** 	refresh();
 199               		.loc 1 24 0
 200 0054 0C94 0000 		jmp refresh
 201               	.LVL18:
 202               		.cfi_endproc
 203               	.LFE6:
 205               		.text
 206               	.Letext0:
 207               		.file 3 "/usr/local/bin/../lib/gcc/avr/4.7.2/../../../../avr/include/stdint.h"
DEFINED SYMBOLS
                            *ABS*:00000000 start_screen.c
/var/folders/dz/7l40hrmj72997lgmj3pdxb_m0000gn/T//ccHhVDrq.s:2      *ABS*:0000003e __SP_H__
/var/folders/dz/7l40hrmj72997lgmj3pdxb_m0000gn/T//ccHhVDrq.s:3      *ABS*:0000003d __SP_L__
/var/folders/dz/7l40hrmj72997lgmj3pdxb_m0000gn/T//ccHhVDrq.s:4      *ABS*:0000003f __SREG__
/var/folders/dz/7l40hrmj72997lgmj3pdxb_m0000gn/T//ccHhVDrq.s:5      *ABS*:00000000 __tmp_reg__
/var/folders/dz/7l40hrmj72997lgmj3pdxb_m0000gn/T//ccHhVDrq.s:6      *ABS*:00000001 __zero_reg__
/var/folders/dz/7l40hrmj72997lgmj3pdxb_m0000gn/T//ccHhVDrq.s:20     .text.game_countdown:00000000 game_countdown
/var/folders/dz/7l40hrmj72997lgmj3pdxb_m0000gn/T//ccHhVDrq.s:138    .text.setup_start_screen:00000000 setup_start_screen

UNDEFINED SYMBOLS
clear
draw_string
refresh
__do_copy_data
